d:\ali kolya\ali year 1\projects & assignments\term 2\data structures and algorithms\project\phase 2\mars_exploration-data-structure\mars project\mars project\x64\debug\vc142.pdb
d:\ali kolya\ali year 1\projects & assignments\term 2\data structures and algorithms\project\phase 2\mars_exploration-data-structure\mars project\mars project\x64\debug\vc142.idb
d:\ali kolya\ali year 1\projects & assignments\term 2\data structures and algorithms\project\phase 2\mars_exploration-data-structure\mars project\mars project\x64\debug\source.obj
d:\ali kolya\ali year 1\projects & assignments\term 2\data structures and algorithms\project\phase 2\mars_exploration-data-structure\mars project\mars project\x64\debug\rover_polar.obj
d:\ali kolya\ali year 1\projects & assignments\term 2\data structures and algorithms\project\phase 2\mars_exploration-data-structure\mars project\mars project\x64\debug\rover_emergency.obj
d:\ali kolya\ali year 1\projects & assignments\term 2\data structures and algorithms\project\phase 2\mars_exploration-data-structure\mars project\mars project\x64\debug\rover.obj
d:\ali kolya\ali year 1\projects & assignments\term 2\data structures and algorithms\project\phase 2\mars_exploration-data-structure\mars project\mars project\x64\debug\mission_polar.obj
d:\ali kolya\ali year 1\projects & assignments\term 2\data structures and algorithms\project\phase 2\mars_exploration-data-structure\mars project\mars project\x64\debug\mission_emergency.obj
d:\ali kolya\ali year 1\projects & assignments\term 2\data structures and algorithms\project\phase 2\mars_exploration-data-structure\mars project\mars project\x64\debug\mission.obj
d:\ali kolya\ali year 1\projects & assignments\term 2\data structures and algorithms\project\phase 2\mars_exploration-data-structure\mars project\mars project\x64\debug\marsstation.obj
d:\ali kolya\ali year 1\projects & assignments\term 2\data structures and algorithms\project\phase 2\mars_exploration-data-structure\mars project\mars project\x64\debug\event.obj
d:\ali kolya\ali year 1\projects & assignments\term 2\data structures and algorithms\project\phase 2\mars_exploration-data-structure\mars project\mars project\x64\debug\ui.obj
d:\ali kolya\ali year 1\projects & assignments\term 2\data structures and algorithms\project\phase 2\mars_exploration-data-structure\mars project\x64\debug\mars project.exe
d:\ali kolya\ali year 1\projects & assignments\term 2\data structures and algorithms\project\phase 2\mars_exploration-data-structure\mars project\x64\debug\mars project.ilk
d:\ali kolya\ali year 1\projects & assignments\term 2\data structures and algorithms\project\phase 2\mars_exploration-data-structure\mars project\x64\debug\mars project.pdb
d:\ali kolya\ali year 1\projects & assignments\term 2\data structures and algorithms\project\phase 2\mars_exploration-data-structure\mars project\mars project\x64\debug\mars project.tlog\cl.command.1.tlog
d:\ali kolya\ali year 1\projects & assignments\term 2\data structures and algorithms\project\phase 2\mars_exploration-data-structure\mars project\mars project\x64\debug\mars project.tlog\cl.read.1.tlog
d:\ali kolya\ali year 1\projects & assignments\term 2\data structures and algorithms\project\phase 2\mars_exploration-data-structure\mars project\mars project\x64\debug\mars project.tlog\cl.write.1.tlog
d:\ali kolya\ali year 1\projects & assignments\term 2\data structures and algorithms\project\phase 2\mars_exploration-data-structure\mars project\mars project\x64\debug\mars project.tlog\link.command.1.tlog
d:\ali kolya\ali year 1\projects & assignments\term 2\data structures and algorithms\project\phase 2\mars_exploration-data-structure\mars project\mars project\x64\debug\mars project.tlog\link.read.1.tlog
d:\ali kolya\ali year 1\projects & assignments\term 2\data structures and algorithms\project\phase 2\mars_exploration-data-structure\mars project\mars project\x64\debug\mars project.tlog\link.write.1.tlog
